This is pdfTeX, Version 3.141592653-2.6-1.40.29 (TeX Live 2026) (preloaded format=pdflatex 2026.4.26)  26 APR 2026 17:14
entering extended mode
 restricted \write18 enabled.
 %&-line parsing enabled.
**\input ./Rd2.tex \input ./Rd2.tex \input ./Rd2.tex
(./Rd2.tex
(/Users/loganouellette/Library/TinyTeX/texmf-dist/tex/latex/base/book.cls
Document Class: book 2025/01/22 v1.4n Standard LaTeX document class
(/Users/loganouellette/Library/TinyTeX/texmf-dist/tex/latex/base/bk10.clo
File: bk10.clo 2025/01/22 v1.4n Standard LaTeX file (size option)
)
\c@part=\count275
\c@chapter=\count276
\c@section=\count277
\c@subsection=\count278
\c@subsubsection=\count279
\c@paragraph=\count280
\c@subparagraph=\count281
\c@figure=\count282
\c@table=\count283
\abovecaptionskip=\skip49
\belowcaptionskip=\skip50
\bibindent=\dimen150
) (/Library/Frameworks/R.framework/Resources/share/texmf/tex/latex/Rd.sty
Package: Rd 
 (/Users/loganouellette/Library/TinyTeX/texmf-dist/tex/latex/base/ifthen.sty
Package: ifthen 2024/03/16 v1.1e Standard LaTeX ifthen package (DPC)
) (/Users/loganouellette/Library/TinyTeX/texmf-dist/tex/generic/iftex/iftex.sty
Package: iftex 2024/12/12 v1.0g TeX engine tests
) (/Users/loganouellette/Library/TinyTeX/texmf-dist/tex/latex/tools/longtable.sty
Package: longtable 2025-10-13 v4.24 Multi-page Table package (DPC)
\LTleft=\skip51
\LTright=\skip52
\LTpre=\skip53
\LTpost=\skip54
\LTchunksize=\count284
\LTcapwidth=\dimen151
\LT@head=\box53
\LT@firsthead=\box54
\LT@foot=\box55
\LT@lastfoot=\box56
\LT@gbox=\box57
\LT@cols=\count285
\LT@rows=\count286
\c@LT@tables=\count287
\c@LT@chunks=\count288
\LT@p@ftn=\toks17
) (/Users/loganouellette/Library/TinyTeX/texmf-dist/tex/latex/tools/bm.sty
Package: bm 2025/10/21 v1.2g Bold Symbol Support (DPC/FMi)
\symboldoperators=\mathgroup4
\symboldletters=\mathgroup5
\symboldsymbols=\mathgroup6
Package bm Info: No bold for \OMX/cmex/m/n, using \pmb.
LaTeX Font Info:    Redeclaring math alphabet \mathbf on input line 149.
) (/Users/loganouellette/Library/TinyTeX/texmf-dist/tex/latex/base/alltt.sty
Package: alltt 2024/07/07 v2.0g defines alltt environment
) (/Users/loganouellette/Library/TinyTeX/texmf-dist/tex/latex/tools/verbatim.sty
Package: verbatim 2024-01-22 v1.5x LaTeX2e package for verbatim enhancements
\every@verbatim=\toks18
\verbatim@line=\toks19
\verbatim@in@stream=\read2
) (/Users/loganouellette/Library/TinyTeX/texmf-dist/tex/latex/url/url.sty
\Urlmuskip=\muskip17
Package: url 2013/09/16  ver 3.4  Verb mode for urls, etc.
) (/Users/loganouellette/Library/TinyTeX/texmf-dist/tex/latex/base/textcomp.sty
Package: textcomp 2024/04/24 v2.1b Standard LaTeX package
) (/Users/loganouellette/Library/TinyTeX/texmf-dist/tex/latex/amsmath/amsmath.sty
Package: amsmath 2025/07/09 v2.17z AMS math features
\@mathmargin=\skip55

For additional information on amsmath, use the `?' option.
(/Users/loganouellette/Library/TinyTeX/texmf-dist/tex/latex/amsmath/amstext.sty
Package: amstext 2024/11/17 v2.01 AMS text
 (/Users/loganouellette/Library/TinyTeX/texmf-dist/tex/latex/amsmath/amsgen.sty
File: amsgen.sty 1999/11/30 v2.0 generic functions
\@emptytoks=\toks20
\ex@=\dimen152
)) (/Users/loganouellette/Library/TinyTeX/texmf-dist/tex/latex/amsmath/amsbsy.sty
Package: amsbsy 1999/11/29 v1.2d Bold Symbols
LaTeX Info: Redefining \boldsymbol on input line 28.
\pmbraise@=\dimen153
) (/Users/loganouellette/Library/TinyTeX/texmf-dist/tex/latex/amsmath/amsopn.sty
Package: amsopn 2022/04/08 v2.04 operator names
)
\inf@bad=\count289
LaTeX Info: Redefining \frac on input line 233.
\uproot@=\count290
\leftroot@=\count291
LaTeX Info: Redefining \overline on input line 398.
LaTeX Info: Redefining \colon on input line 409.
\classnum@=\count292
\DOTSCASE@=\count293
LaTeX Info: Redefining \ldots on input line 495.
LaTeX Info: Redefining \dots on input line 498.
LaTeX Info: Redefining \cdots on input line 619.
\Mathstrutbox@=\box58
\strutbox@=\box59
LaTeX Info: Redefining \big on input line 721.
LaTeX Info: Redefining \Big on input line 722.
LaTeX Info: Redefining \bigg on input line 723.
LaTeX Info: Redefining \Bigg on input line 724.
\big@size=\dimen154
LaTeX Font Info:    Redeclaring font encoding OML on input line 742.
LaTeX Font Info:    Redeclaring font encoding OMS on input line 743.
\macc@depth=\count294
LaTeX Info: Redefining \bmod on input line 904.
LaTeX Info: Redefining \pmod on input line 909.
LaTeX Info: Redefining \smash on input line 939.
LaTeX Info: Redefining \relbar on input line 969.
LaTeX Info: Redefining \Relbar on input line 970.
\c@MaxMatrixCols=\count295
\dotsspace@=\muskip18
\c@parentequation=\count296
\dspbrk@lvl=\count297
\tag@help=\toks21
\row@=\count298
\column@=\count299
\maxfields@=\count300
\andhelp@=\toks22
\eqnshift@=\dimen155
\alignsep@=\dimen156
\tagshift@=\dimen157
\tagwidth@=\dimen158
\totwidth@=\dimen159
\lineht@=\dimen160
\@envbody=\toks23
\multlinegap=\skip56
\multlinetaggap=\skip57
\mathdisplay@stack=\toks24
LaTeX Info: Redefining \[ on input line 2950.
LaTeX Info: Redefining \] on input line 2951.
) (/Users/loganouellette/Library/TinyTeX/texmf-dist/tex/latex/amsfonts/amsfonts.sty
Package: amsfonts 2013/01/14 v3.01 Basic AMSFonts support
\symAMSa=\mathgroup7
\symAMSb=\mathgroup8
LaTeX Font Info:    Redeclaring math symbol \hbar on input line 98.
LaTeX Font Info:    Overwriting math alphabet `\mathfrak' in version `bold'
(Font)                  U/euf/m/n --> U/euf/b/n on input line 106.
) (/Users/loganouellette/Library/TinyTeX/texmf-dist/tex/latex/amsfonts/amssymb.sty
Package: amssymb 2013/01/14 v3.01 AMS font symbols
) (/Users/loganouellette/Library/TinyTeX/texmf-dist/tex/latex/jknapltx/mathrsfs.sty
Package: mathrsfs 1996/01/01 Math RSFS package v1.0 (jk)
\symrsfs=\mathgroup9
)
\ldescriptionwidth=\skip58
 (/Users/loganouellette/Library/TinyTeX/texmf-dist/tex/latex/base/fontenc.sty
Package: fontenc 2025/07/18 v2.1d Standard LaTeX package
) (/Users/loganouellette/Library/TinyTeX/texmf-dist/tex/latex/psnfss/times.sty
Package: times 2020/03/25 PSNFSS-v9.3 (SPQR) 
) (/Users/loganouellette/Library/TinyTeX/texmf-dist/tex/latex/inconsolata/zi4.sty
Package: zi4 2019/05/17 v1.12
 `inconsolata-zi4' v1.12, 2019/05/17 Text macros for Inconsolata (msharpe) (/Users/loganouellette/Library/TinyTeX/texmf-dist/tex/latex/xkeyval/xkeyval.sty
Package: xkeyval 2025/11/04 v2.10 package option processing (HA)
 (/Users/loganouellette/Library/TinyTeX/texmf-dist/tex/generic/xkeyval/xkeyval.tex (/Users/loganouellette/Library/TinyTeX/texmf-dist/tex/generic/xkeyval/xkvutils.tex
\XKV@toks=\toks25
\XKV@tempa@toks=\toks26
\XKV@tempb@toks=\toks27
 (/Users/loganouellette/Library/TinyTeX/texmf-dist/tex/generic/xkeyval/keyval.tex))
\XKV@depth=\count301
File: xkeyval.tex 2014/12/03 v2.7a key=value parser (HA)
))
\zifour@ocount=\count302
) (/Users/loganouellette/Library/TinyTeX/texmf-dist/tex/latex/graphics/color.sty
Package: color 2025/01/14 v1.3e Standard LaTeX Color (DPC)
 (/Users/loganouellette/Library/TinyTeX/texmf-dist/tex/latex/graphics-cfg/color.cfg
File: color.cfg 2016/01/02 v1.6 sample color configuration
)
Package color Info: Driver file: pdftex.def on input line 149.
 (/Users/loganouellette/Library/TinyTeX/texmf-dist/tex/latex/graphics-def/pdftex.def
File: pdftex.def 2025/09/29 v1.2d Graphics/color driver for pdftex
) (/Users/loganouellette/Library/TinyTeX/texmf-dist/tex/latex/graphics/mathcolor.ltx)) (/Users/loganouellette/Library/TinyTeX/texmf-dist/tex/latex/hyperref/hyperref.sty
Package: hyperref 2026-01-29 v7.01p Hypertext links for LaTeX
 (/Users/loganouellette/Library/TinyTeX/texmf-dist/tex/latex/kvsetkeys/kvsetkeys.sty
Package: kvsetkeys 2022-10-05 v1.19 Key value parser (HO)
) (/Users/loganouellette/Library/TinyTeX/texmf-dist/tex/generic/kvdefinekeys/kvdefinekeys.sty
Package: kvdefinekeys 2019-12-19 v1.6 Define keys (HO)
) (/Users/loganouellette/Library/TinyTeX/texmf-dist/tex/generic/pdfescape/pdfescape.sty
Package: pdfescape 2019/12/09 v1.15 Implements pdfTeX's escape features (HO)
 (/Users/loganouellette/Library/TinyTeX/texmf-dist/tex/generic/ltxcmds/ltxcmds.sty
Package: ltxcmds 2023-12-04 v1.26 LaTeX kernel commands for general use (HO)
) (/Users/loganouellette/Library/TinyTeX/texmf-dist/tex/generic/pdftexcmds/pdftexcmds.sty
Package: pdftexcmds 2020-06-27 v0.33 Utility functions of pdfTeX for LuaTeX (HO)
 (/Users/loganouellette/Library/TinyTeX/texmf-dist/tex/generic/infwarerr/infwarerr.sty
Package: infwarerr 2019/12/03 v1.5 Providing info/warning/error messages (HO)
)
Package pdftexcmds Info: \pdf@primitive is available.
Package pdftexcmds Info: \pdf@ifprimitive is available.
Package pdftexcmds Info: \pdfdraftmode found.
)) (/Users/loganouellette/Library/TinyTeX/texmf-dist/tex/latex/hycolor/hycolor.sty
Package: hycolor 2020-01-27 v1.10 Color options for hyperref/bookmark (HO)
) (/Users/loganouellette/Library/TinyTeX/texmf-dist/tex/latex/hyperref/nameref.sty
Package: nameref 2026-01-29 v2.58 Cross-referencing by name of section
 (/Users/loganouellette/Library/TinyTeX/texmf-dist/tex/latex/refcount/refcount.sty
Package: refcount 2019/12/15 v3.6 Data extraction from label references (HO)
) (/Users/loganouellette/Library/TinyTeX/texmf-dist/tex/generic/gettitlestring/gettitlestring.sty
Package: gettitlestring 2019/12/15 v1.6 Cleanup title references (HO)
 (/Users/loganouellette/Library/TinyTeX/texmf-dist/tex/latex/kvoptions/kvoptions.sty
Package: kvoptions 2022-06-15 v3.15 Key value format for package options (HO)
))
\c@section@level=\count303
) (/Users/loganouellette/Library/TinyTeX/texmf-dist/tex/latex/etoolbox/etoolbox.sty
Package: etoolbox 2025/10/02 v2.5m e-TeX tools for LaTeX (JAW)
\etb@tempcnta=\count304
) (/Users/loganouellette/Library/TinyTeX/texmf-dist/tex/generic/stringenc/stringenc.sty
Package: stringenc 2019/11/29 v1.12 Convert strings between diff. encodings (HO)
)
\@linkdim=\dimen161
\Hy@linkcounter=\count305
\Hy@pagecounter=\count306
 (/Users/loganouellette/Library/TinyTeX/texmf-dist/tex/latex/hyperref/pd1enc.def
File: pd1enc.def 2026-01-29 v7.01p Hyperref: PDFDocEncoding definition (HO)
Now handling font encoding PD1 ...
... no UTF-8 mapping file for font encoding PD1
) (/Users/loganouellette/Library/TinyTeX/texmf-dist/tex/generic/intcalc/intcalc.sty
Package: intcalc 2019/12/15 v1.3 Expandable calculations with integers (HO)
)
\Hy@SavedSpaceFactor=\count307
 (/Users/loganouellette/Library/TinyTeX/texmf-dist/tex/latex/hyperref/puenc.def
File: puenc.def 2026-01-29 v7.01p Hyperref: PDF Unicode definition (HO)
Now handling font encoding PU ...
... no UTF-8 mapping file for font encoding PU
)
Package hyperref Info: Hyper figures OFF on input line 4201.
Package hyperref Info: Link nesting OFF on input line 4206.
Package hyperref Info: Hyper index ON on input line 4209.
Package hyperref Info: Plain pages OFF on input line 4216.
Package hyperref Info: Backreferencing OFF on input line 4221.
Package hyperref Info: Implicit mode ON; LaTeX internals redefined.
Package hyperref Info: Bookmarks ON on input line 4468.
\c@Hy@tempcnt=\count308
LaTeX Info: Redefining \url on input line 4807.
\XeTeXLinkMargin=\dimen162
 (/Users/loganouellette/Library/TinyTeX/texmf-dist/tex/generic/bitset/bitset.sty
Package: bitset 2019/12/09 v1.3 Handle bit-vector datatype (HO)
 (/Users/loganouellette/Library/TinyTeX/texmf-dist/tex/generic/bigintcalc/bigintcalc.sty
Package: bigintcalc 2019/12/15 v1.5 Expandable calculations on big integers (HO)
))
\Fld@menulength=\count309
\Field@Width=\dimen163
\Fld@charsize=\dimen164
Package hyperref Info: Hyper figures OFF on input line 6084.
Package hyperref Info: Link nesting OFF on input line 6089.
Package hyperref Info: Hyper index ON on input line 6092.
Package hyperref Info: backreferencing OFF on input line 6099.
Package hyperref Info: Link coloring OFF on input line 6104.
Package hyperref Info: Link coloring with OCG OFF on input line 6109.
Package hyperref Info: PDF/A mode OFF on input line 6114.
\Hy@abspage=\count310
\c@Item=\count311
\c@Hfootnote=\count312
)
Package hyperref Info: Driver (autodetected): hpdftex.
 (/Users/loganouellette/Library/TinyTeX/texmf-dist/tex/latex/hyperref/hpdftex.def
File: hpdftex.def 2026-01-29 v7.01p Hyperref driver for pdfTeX
\Fld@listcount=\count313
\c@bookmark@seq@number=\count314
 (/Users/loganouellette/Library/TinyTeX/texmf-dist/tex/latex/rerunfilecheck/rerunfilecheck.sty
Package: rerunfilecheck 2025-06-21 v1.11 Rerun checks for auxiliary files (HO)
 (/Users/loganouellette/Library/TinyTeX/texmf-dist/tex/generic/uniquecounter/uniquecounter.sty
Package: uniquecounter 2019/12/15 v1.4 Provide unlimited unique counter (HO)
)
Package uniquecounter Info: New unique counter `rerunfilecheck' on input line 284.
)
\Hy@SectionHShift=\skip59
)
Package hyperref Info: Option `colorlinks' set `true' on input line 413.
Package hyperref Info: Option `linktocpage' set `true' on input line 413.
Package hyperref Info: Option `plainpages' set `false' on input line 413.
LaTeX Encoding Info:    Ignoring declaration for text command \textdegree (encoding ?) on input line 462.
LaTeX Encoding Info:    Ignoring declaration for text command \textonehalf (encoding ?) on input line 463.
LaTeX Encoding Info:    Ignoring declaration for text command \textonequarter (encoding ?) on input line 464.
LaTeX Encoding Info:    Ignoring declaration for text command \textthreequarters (encoding ?) on input line 465.
LaTeX Encoding Info:    Ignoring declaration for text command \textcent (encoding ?) on input line 466.
LaTeX Encoding Info:    Ignoring declaration for text command \textyen (encoding ?) on input line 467.
LaTeX Encoding Info:    Ignoring declaration for text command \textcurrency (encoding ?) on input line 468.
LaTeX Encoding Info:    Ignoring declaration for text command \textbrokenbar (encoding ?) on input line 469.
LaTeX Encoding Info:    Ignoring declaration for text command \texteuro (encoding ?) on input line 470.
) (/Users/loganouellette/Library/TinyTeX/texmf-dist/tex/latex/base/makeidx.sty
Package: makeidx 2021/10/04 v1.0m Standard LaTeX package
)
\@indexfile=\write3
\openout3 = `Rd2.idx'.


Writing index file Rd2.idx
LaTeX Font Info:    Trying to load font information for T1+ptm on input line 8.
(/Users/loganouellette/Library/TinyTeX/texmf-dist/tex/latex/psnfss/t1ptm.fd
File: t1ptm.fd 2001/06/04 font definitions for T1/ptm.
) (/Users/loganouellette/Library/TinyTeX/texmf-dist/tex/latex/l3backend/l3backend-pdftex.def
File: l3backend-pdftex.def 2026-02-18 L3 backend support: PDF output (pdfTeX)
\l__color_backend_stack_int=\count315
) (/private/var/folders/t0/ftzbgx6j5xb2smm3sb89p73c0000gn/T/RtmpKlBjZl/Rd2pdff68a40f25792/Rd2.aux)
\openout1 = `Rd2.aux'.

LaTeX Font Info:    Checking defaults for OML/cmm/m/it on input line 8.
LaTeX Font Info:    ... okay on input line 8.
LaTeX Font Info:    Checking defaults for OMS/cmsy/m/n on input line 8.
LaTeX Font Info:    ... okay on input line 8.
LaTeX Font Info:    Checking defaults for OT1/cmr/m/n on input line 8.
LaTeX Font Info:    ... okay on input line 8.
LaTeX Font Info:    Checking defaults for T1/cmr/m/n on input line 8.
LaTeX Font Info:    ... okay on input line 8.
LaTeX Font Info:    Checking defaults for TS1/cmr/m/n on input line 8.
LaTeX Font Info:    ... okay on input line 8.
LaTeX Font Info:    Checking defaults for OMX/cmex/m/n on input line 8.
LaTeX Font Info:    ... okay on input line 8.
LaTeX Font Info:    Checking defaults for U/cmr/m/n on input line 8.
LaTeX Font Info:    ... okay on input line 8.
LaTeX Font Info:    Checking defaults for PD1/pdf/m/n on input line 8.
LaTeX Font Info:    ... okay on input line 8.
LaTeX Font Info:    Checking defaults for PU/pdf/m/n on input line 8.
LaTeX Font Info:    ... okay on input line 8.
Package hyperref Info: Link coloring ON on input line 8.
 (/private/var/folders/t0/ftzbgx6j5xb2smm3sb89p73c0000gn/T/RtmpKlBjZl/Rd2pdff68a40f25792/Rd2.out) (/private/var/folders/t0/ftzbgx6j5xb2smm3sb89p73c0000gn/T/RtmpKlBjZl/Rd2pdff68a40f25792/Rd2.out)
\@outlinefile=\write4
\openout4 = `Rd2.out'.

LaTeX Font Info:    Trying to load font information for T1+zi4 on input line 20.
 (/Users/loganouellette/Library/TinyTeX/texmf-dist/tex/latex/inconsolata/t1zi4.fd
File: t1zi4.fd 2018/01/14 T1/zi4 (Inconsolata)
)
LaTeX Font Info:    Font shape `T1/zi4/m/n' will be
(Font)              scaled to size 10.0pt on input line 20.
LaTeX Font Info:    Trying to load font information for U+msa on input line 25.
 (/Users/loganouellette/Library/TinyTeX/texmf-dist/tex/latex/amsfonts/umsa.fd
File: umsa.fd 2013/01/14 v3.01 AMS symbols A
)
LaTeX Font Info:    Trying to load font information for U+msb on input line 25.
 (/Users/loganouellette/Library/TinyTeX/texmf-dist/tex/latex/amsfonts/umsb.fd
File: umsb.fd 2013/01/14 v3.01 AMS symbols B
)
LaTeX Font Info:    Trying to load font information for U+rsfs on input line 25.
 (/Users/loganouellette/Library/TinyTeX/texmf-dist/tex/latex/jknapltx/ursfs.fd
File: ursfs.fd 1998/03/24 rsfs font definition file (jk)
) (/private/var/folders/t0/ftzbgx6j5xb2smm3sb89p73c0000gn/T/RtmpKlBjZl/Rd2pdff68a40f25792/Rd2.toc [1


{/Users/loganouellette/Library/TinyTeX/texmf-var/fonts/map/pdftex/updmap/pdftex.map}{/Users/loganouellette/Library/TinyTeX/texmf-dist/fonts/enc/dvips/base/8r.enc}{/Users/loganouellette/Library/TinyTeX/texmf-dist/fonts/enc/dvips/inconsolata/i4-t1-0.enc}])
\tf@toc=\write5
\openout5 = `Rd2.toc'.

LaTeX Font Info:    Trying to load font information for TS1+ptm on input line 51.
 (/Users/loganouellette/Library/TinyTeX/texmf-dist/tex/latex/psnfss/ts1ptm.fd
File: ts1ptm.fd 2001/06/04 font definitions for TS1/ptm.
) [2] [3]
Overfull \hbox (5.75911pt too wide) in paragraph at lines 160--163
[]\T1/ptm/m/n/10 The pho-to-cell is nor-mal-ized to []\T1/zi4/m/n/10 [0, 1][]\T1/ptm/m/n/10 , scaled to oc-cupy []\T1/zi4/m/n/10 photocell_relative_height * erg_range
 []

[4] [5]
Overfull \hbox (5.43982pt too wide) in paragraph at lines 241--243
[]\T1/ptm/m/n/10 Data frame with columns []\T1/zi4/m/n/10 stim_index[]\T1/ptm/m/n/10 , []\T1/zi4/m/n/10 stim_label[]\T1/ptm/m/n/10 , []\T1/zi4/m/n/10 sweep[]\T1/ptm/m/n/10 , []\T1/zi4/m/n/10 time_ms[]\T1/ptm/m/n/10 , and []\T1/zi4/m/n/10 value[]\T1/ptm/m/n/10 . 
 []


Overfull \hbox (7.48907pt too wide) in paragraph at lines 249--251
[]\T1/ptm/m/n/10 Numeric cut-off. Repli-cates with []\T1/zi4/m/n/10 sd_ratio >= noise_ratio_cutoff []\T1/ptm/m/n/10 are dropped. 
 []

[6]
Overfull \hbox (13.24686pt too wide) in paragraph at lines 293--296
\T1/ptm/m/n/10 base-line cor-rec-tion, op-tional noisy-replicate ex-clu-sion, repli-cate av-er-ag-ing, and op-tional post-averaging
 []


Overfull \hbox (22.22778pt too wide) in paragraph at lines 317--319
[]\T1/ptm/m/n/10 A long replicate-level trace ta-ble con-tain-ing at least []\T1/zi4/m/n/10 sweep[]\T1/ptm/m/n/10 , []\T1/zi4/m/n/10 stim_index[]\T1/ptm/m/n/10 , []\T1/zi4/m/n/10 stim_label[]\T1/ptm/m/n/10 ,
 []

[7] [8]
Overfull \hbox (7.48907pt too wide) in paragraph at lines 454--456
[]\T1/ptm/m/n/10 Numeric cut-off. Repli-cates with []\T1/zi4/m/n/10 sd_ratio >= noise_ratio_cutoff []\T1/ptm/m/n/10 are dropped. 
 []

[9] [10] [11] [12]
Overfull \hbox (4.97768pt too wide) in paragraph at lines 670--674
[]\T1/ptm/m/n/10 Long ERG data with protocol-derived stim-u-lus meta-data added, in-clud-ing []\T1/zi4/m/n/10 stim_index[]\T1/ptm/m/n/10 , []\T1/zi4/m/n/10 stim_label[]\T1/ptm/m/n/10 ,
 []


Overfull \hbox (4.88098pt too wide) in paragraph at lines 670--674
[]\T1/zi4/m/n/10 protocol_id[]\T1/ptm/m/n/10 , []\T1/zi4/m/n/10 protocol_variant[]\T1/ptm/m/n/10 , []\T1/zi4/m/n/10 stim_type[]\T1/ptm/m/n/10 , []\T1/zi4/m/n/10 block_index[]\T1/ptm/m/n/10 , []\T1/zi4/m/n/10 within_block_index[]\T1/ptm/m/n/10 , []\T1/zi4/m/n/10 wavelength[]\T1/ptm/m/n/10 ,
 []

[13] [14]
Overfull \hbox (10.11722pt too wide) in paragraph at lines 767--769
[]\T1/ptm/m/n/10 Numeric scalar used only for absolute-time fall-back when com-put-ing post-stimulus
 []


Overfull \hbox (58.03856pt too wide) in paragraph at lines 772--774
[]\T1/ptm/m/n/10 Numeric length-2 vec-tor for the main trough search. If []\T1/zi4/m/n/10 NULL[]\T1/ptm/m/n/10 , de-faults to []\T1/zi4/m/n/10 response_window_ms[]\T1/ptm/m/n/10 . 
 []


Overfull \hbox (50.8086pt too wide) in paragraph at lines 775--777
[]\T1/ptm/m/n/10 Numeric length-2 vec-tor for the main peak search. If []\T1/zi4/m/n/10 NULL[]\T1/ptm/m/n/10 , de-faults to []\T1/zi4/m/n/10 response_window_ms[]\T1/ptm/m/n/10 . 
 []

[15]
Overfull \hbox (44.78883pt too wide) in paragraph at lines 787--789
[]\T1/ptm/m/n/10 Numeric length-2 vec-tor for the d-wave peak search. If []\T1/zi4/m/n/10 NULL[]\T1/ptm/m/n/10 , de-faults to []\T1/zi4/m/n/10 dwave_window_ms[]\T1/ptm/m/n/10 . 
 []

[16] [17] [18] [19] [20] [21] [22] [23] [24]
Overfull \hbox (52.25pt too wide) in paragraph at lines 1283--1286
[]\T1/ptm/m/n/10 Supported com-po-nents are: []\T1/zi4/m/n/10 raw[]\T1/ptm/m/n/10 , []\T1/zi4/m/n/10 traces_280[]\T1/ptm/m/n/10 , []\T1/zi4/m/n/10 traces_70[]\T1/ptm/m/n/10 , []\T1/zi4/m/n/10 photocell[]\T1/ptm/m/n/10 , []\T1/zi4/m/n/10 stimresp_qc[]\T1/ptm/m/n/10 , and []\T1/zi4/m/n/10 stimresp_settings[]\T1/ptm/m/n/10 . 
 []


Overfull \hbox (30.15782pt too wide) in paragraph at lines 1287--1289
[]\T1/ptm/m/n/10 For []\T1/zi4/m/n/10 raw[]\T1/ptm/m/n/10 , ob-jects of class []\T1/zi4/m/n/10 ABF []\T1/ptm/m/n/10 or []\T1/zi4/m/n/10 zeus_abf_raw []\T1/ptm/m/n/10 are con-verted to ZEUS long for-mat with [][][]\T1/zi4/m/n/10 abf_as_df_long()[][][]
 []


Overfull \hbox (35.91003pt too wide) in paragraph at lines 1293--1296
[]\T1/ptm/m/n/10 Supported com-po-nents are: []\T1/zi4/m/n/10 raw[]\T1/ptm/m/n/10 , []\T1/zi4/m/n/10 traces_280[]\T1/ptm/m/n/10 , []\T1/zi4/m/n/10 traces_70[]\T1/ptm/m/n/10 , []\T1/zi4/m/n/10 photocell[]\T1/ptm/m/n/10 , []\T1/zi4/m/n/10 stimresp_qc[]\T1/ptm/m/n/10 , []\T1/zi4/m/n/10 stimresp_settings[]\T1/ptm/m/n/10 ,
 []


Overfull \hbox (30.15782pt too wide) in paragraph at lines 1297--1299
[]\T1/ptm/m/n/10 For []\T1/zi4/m/n/10 raw[]\T1/ptm/m/n/10 , ob-jects of class []\T1/zi4/m/n/10 ABF []\T1/ptm/m/n/10 or []\T1/zi4/m/n/10 zeus_abf_raw []\T1/ptm/m/n/10 are con-verted to ZEUS long for-mat with [][][]\T1/zi4/m/n/10 abf_as_df_long()[][][]
 []

[25]
Overfull \hbox (35.91003pt too wide) in paragraph at lines 1331--1334
[]\T1/ptm/m/n/10 Supported com-po-nents are: []\T1/zi4/m/n/10 raw[]\T1/ptm/m/n/10 , []\T1/zi4/m/n/10 traces_280[]\T1/ptm/m/n/10 , []\T1/zi4/m/n/10 traces_70[]\T1/ptm/m/n/10 , []\T1/zi4/m/n/10 photocell[]\T1/ptm/m/n/10 , []\T1/zi4/m/n/10 stimresp_qc[]\T1/ptm/m/n/10 , []\T1/zi4/m/n/10 stimresp_settings[]\T1/ptm/m/n/10 ,
 []

[26] [27] [28]
Overfull \hbox (0.11917pt too wide) in paragraph at lines 1523--1526
\T1/ptm/m/n/10 when []\T1/zi4/m/n/10 photocell_auto_scale = TRUE[]\T1/ptm/m/n/10 . De-fault is []\T1/zi4/m/n/10 1.1 []\T1/ptm/m/n/10 (110% of the ERG range). 
 []

[29] [30] [31] [32]
Overfull \hbox (0.10808pt too wide) in paragraph at lines 1785--1787
[]\T1/ptm/m/n/10 Integer running-average win-dow size for av-er-aged stimulus-response traces. Use
 []

[33]
Overfull \hbox (34.79831pt too wide) in paragraph at lines 1812--1815
[]\T1/ptm/m/n/10 Builds a report-ready sum-mary of A-, B-, and D-wave peak mea-sure-ments us-ing [][][]\T1/zi4/m/n/10 extract_irrad_wl_amp()[][][][]\T1/ptm/m/n/10 .
 []

[34]
Overfull \hbox (18.67738pt too wide) in paragraph at lines 1883--1885
[]\T1/ptm/m/n/10 Computes match counts and per-cent-ages for log-i-cal protocol-comparison columns such as []\T1/zi4/m/n/10 label_match[]\T1/ptm/m/n/10 ,
 []

[35] [36] (/private/var/folders/t0/ftzbgx6j5xb2smm3sb89p73c0000gn/T/RtmpKlBjZl/Rd2pdff68a40f25792/Rd2.ind [37]
Overfull \hbox (8.3567pt too wide) in paragraph at lines 22--24
[]| \T1/zi4/m/n/10 zeus_prepare_peak_statistics_export\T1/ptm/m/n/10 , 
 []

[38

] [39

]) (/private/var/folders/t0/ftzbgx6j5xb2smm3sb89p73c0000gn/T/RtmpKlBjZl/Rd2pdff68a40f25792/Rd2.aux)
 ***********
LaTeX2e <2025-11-01>
L3 programming layer <2026-03-20>
 ***********
Package rerunfilecheck Info: File `Rd2.out' has not changed.
(rerunfilecheck)             Checksum: A0F7DC3A4E6ECEF298695B1EE95F465D;9051.
 ) 
Here is how much of TeX's memory you used:
 10664 strings out of 469278
 165757 string characters out of 5462837
 572353 words of memory out of 5000000
 39007 multiletter control sequences out of 15000+600000
 659636 words of font info for 81 fonts, out of 8000000 for 9000
 36 hyphenation exceptions out of 8191
 92i,6n,95p,408b,748s stack positions out of 10000i,1000n,20000p,200000b,200000s

pdfTeX warning (dest): name{Rfn.shiny::runApp\(\)} has been referenced but does not exist, replaced by a fixed one


pdfTeX warning (dest): name{Rfn.readABF::readABF\(\)} has been referenced but does not exist, replaced by a fixed one


pdfTeX warning (dest): name{Rfn.grepl} has been referenced but does not exist, replaced by a fixed one

</Users/loganouellette/Library/TinyTeX/texmf-dist/fonts/type1/public/inconsolata/Inconsolata-zi4r.pfb></Users/loganouellette/Library/TinyTeX/texmf-dist/fonts/type1/public/amsfonts/cm/cmsy10.pfb></Users/loganouellette/Library/TinyTeX/texmf-dist/fonts/type1/urw/times/utmb8a.pfb></Users/loganouellette/Library/TinyTeX/texmf-dist/fonts/type1/urw/times/utmr8a.pfb></Users/loganouellette/Library/TinyTeX/texmf-dist/fonts/type1/urw/times/utmr8a.pfb></Users/loganouellette/Library/TinyTeX/texmf-dist/fonts/type1/urw/times/utmri8a.pfb>
Output written on Rd2.pdf (39 pages, 162114 bytes).
PDF statistics:
 873 PDF objects out of 1000 (max. 8388607)
 811 compressed objects within 9 object streams
 333 named destinations out of 1000 (max. 500000)
 393 words of extra memory for PDF output out of 10000 (max. 10000000)

